[debug] [2017-11-13T04:00:32.385Z] ----------------------------------------------------------------------
[debug] [2017-11-13T04:00:32.388Z] Command:       /usr/local/bin/node /usr/local/bin/firebase serve --only functions,hosting
[debug] [2017-11-13T04:00:32.388Z] CLI Version:   3.15.0
[debug] [2017-11-13T04:00:32.388Z] Platform:      darwin
[debug] [2017-11-13T04:00:32.389Z] Node Version:  v6.11.2
[debug] [2017-11-13T04:00:32.389Z] Time:          Mon Nov 13 2017 11:00:32 GMT+0700 (+07)
[debug] [2017-11-13T04:00:32.389Z] ----------------------------------------------------------------------
[debug] 
[debug] [2017-11-13T04:00:32.408Z] > command requires scopes: ["email","openid","https://www.googleapis.com/auth/cloudplatformprojects.readonly","https://www.googleapis.com/auth/firebase","https://www.googleapis.com/auth/cloud-platform"]
[debug] [2017-11-13T04:00:32.408Z] > authorizing via signed-in user
[debug] [2017-11-13T04:00:32.412Z] > refreshing access token with scopes: ["email","https://www.googleapis.com/auth/cloud-platform","https://www.googleapis.com/auth/cloudplatformprojects.readonly","https://www.googleapis.com/auth/firebase","openid"]
[debug] [2017-11-13T04:00:32.412Z] >>> HTTP REQUEST POST https://www.googleapis.com/oauth2/v3/token { refresh_token: '1/kOlRQ4J4zRUiIn1ggc7S3OPE3Jrt3sM2CIDnjP7NxKMwss57_KMfVXAEBgq2Jg8B',
  client_id: '563584335869-fgrhgmd47bqnekij5i8b5pr03ho849e6.apps.googleusercontent.com',
  client_secret: 'j9iVZfS8kkCEFUPaAeJV0sAi',
  grant_type: 'refresh_token',
  scope: 'email https://www.googleapis.com/auth/cloud-platform https://www.googleapis.com/auth/cloudplatformprojects.readonly https://www.googleapis.com/auth/firebase openid' } 
 Mon Nov 13 2017 11:00:32 GMT+0700 (+07)
[debug] [2017-11-13T04:00:32.702Z] <<< HTTP RESPONSE 200
[debug] [2017-11-13T04:00:32.708Z] >>> HTTP REQUEST GET https://admin.firebase.com/v1/projects/expressa-9cc49  
 Mon Nov 13 2017 11:00:32 GMT+0700 (+07)
[debug] [2017-11-13T04:00:54.021Z] <<< HTTP RESPONSE 500
[debug] [2017-11-13T04:00:54.021Z] <<< HTTP RESPONSE BODY
[error] 
[error] Error: HTTP Error: 500, An unknown error occurred. Please contact support.
[debug] [2017-11-13T04:00:54.189Z] Error Context: {
  "body": {
    "error": {
      "code": "UNKNOWN_ERROR",
      "message": "An unknown error occurred. Please contact support."
    }
  },
  "response": {
    "statusCode": 500,
    "body": {
      "error": {
        "code": "UNKNOWN_ERROR",
        "message": "An unknown error occurred. Please contact support."
      }
    },
    "headers": {
      "server": "nginx",
      "date": "Mon, 13 Nov 2017 04:00:53 GMT",
      "content-type": "application/json; charset=utf-8",
      "content-length": "97",
      "connection": "close",
      "x-content-type-options": "nosniff"
    },
    "request": {
      "uri": {
        "protocol": "https:",
        "slashes": true,
        "auth": null,
        "host": "admin.firebase.com",
        "port": 443,
        "hostname": "admin.firebase.com",
        "hash": null,
        "search": null,
        "query": null,
        "pathname": "/v1/projects/expressa-9cc49",
        "path": "/v1/projects/expressa-9cc49",
        "href": "https://admin.firebase.com/v1/projects/expressa-9cc49"
      },
      "method": "GET"
    }
  }
}
[debug] [2017-11-13T04:01:19.513Z] ----------------------------------------------------------------------
[debug] [2017-11-13T04:01:19.517Z] Command:       /usr/local/bin/node /usr/local/bin/firebase serve --only functions,hosting
[debug] [2017-11-13T04:01:19.517Z] CLI Version:   3.15.0
[debug] [2017-11-13T04:01:19.517Z] Platform:      darwin
[debug] [2017-11-13T04:01:19.517Z] Node Version:  v6.11.2
[debug] [2017-11-13T04:01:19.518Z] Time:          Mon Nov 13 2017 11:01:19 GMT+0700 (+07)
[debug] [2017-11-13T04:01:19.518Z] ----------------------------------------------------------------------
[debug] 
[debug] [2017-11-13T04:01:19.536Z] > command requires scopes: ["email","openid","https://www.googleapis.com/auth/cloudplatformprojects.readonly","https://www.googleapis.com/auth/firebase","https://www.googleapis.com/auth/cloud-platform"]
[debug] [2017-11-13T04:01:19.537Z] > authorizing via signed-in user
[debug] [2017-11-13T04:01:19.539Z] >>> HTTP REQUEST GET https://admin.firebase.com/v1/projects/expressa-9cc49  
 Mon Nov 13 2017 11:01:19 GMT+0700 (+07)
[debug] [2017-11-13T04:01:20.977Z] <<< HTTP RESPONSE 200
[debug] [2017-11-13T04:01:20.979Z] >>> HTTP REQUEST GET https://admin.firebase.com/v1/database/expressa-9cc49/tokens  
 Mon Nov 13 2017 11:01:20 GMT+0700 (+07)
